<?xml version="1.0" ?>
<!DOCTYPE coverage SYSTEM "http://cobertura.sourceforge.net/xml/coverage-04.dtd">
<coverage lines-valid="420" lines-covered="418" line-rate="0.9952" branches-valid="87" branches-covered="86" branch-rate="0.9884999999999999" timestamp="1614078721420" complexity="0" version="0.1">
  <sources>
    <source>/home/runner/work/rx-angular/rx-angular</source>
  </sources>
  <packages>
    <package name="core.render-aware" line-rate="1" branch-rate="1">
      <classes>
        <class name="render-aware_creator.ts" filename="libs/template/src/lib/core/render-aware/render-aware_creator.ts" line-rate="1" branch-rate="1">
          <methods>
            <method name="createRenderAware" hits="75" signature="()V">
              <lines>
                <line number="43" hits="75"/>
              </lines>
            </method>
            <method name="(anonymous_1)" hits="70" signature="()V">
              <lines>
                <line number="51" hits="70"/>
              </lines>
            </method>
            <method name="(anonymous_2)" hits="70" signature="()V">
              <lines>
                <line number="56" hits="70"/>
              </lines>
            </method>
            <method name="(anonymous_3)" hits="69" signature="()V">
              <lines>
                <line number="64" hits="69"/>
              </lines>
            </method>
            <method name="(anonymous_4)" hits="68" signature="()V">
              <lines>
                <line number="77" hits="68"/>
              </lines>
            </method>
            <method name="(anonymous_5)" hits="68" signature="()V">
              <lines>
                <line number="91" hits="68"/>
              </lines>
            </method>
            <method name="(anonymous_6)" hits="64" signature="()V">
              <lines>
                <line number="93" hits="64"/>
              </lines>
            </method>
            <method name="(anonymous_7)" hits="77" signature="()V">
              <lines>
                <line number="108" hits="77"/>
              </lines>
            </method>
            <method name="(anonymous_8)" hits="90" signature="()V">
              <lines>
                <line number="111" hits="90"/>
              </lines>
            </method>
            <method name="(anonymous_9)" hits="67" signature="()V">
              <lines>
                <line number="116" hits="67"/>
              </lines>
            </method>
            <method name="renderWithLatestStrategy" hits="64" signature="()V">
              <lines>
                <line number="122" hits="64"/>
              </lines>
            </method>
            <method name="(anonymous_11)" hits="64" signature="()V">
              <lines>
                <line number="131" hits="64"/>
              </lines>
            </method>
            <method name="(anonymous_12)" hits="105" signature="()V">
              <lines>
                <line number="136" hits="105"/>
              </lines>
            </method>
          </methods>
          <lines>
            <line number="1" hits="23" branch="false"/>
            <line number="12" hits="23" branch="false"/>
            <line number="24" hits="23" branch="false"/>
            <line number="43" hits="23" branch="false"/>
            <line number="47" hits="75" branch="false"/>
            <line number="49" hits="75" branch="false"/>
            <line number="52" hits="70" branch="false"/>
            <line number="57" hits="70" branch="false"/>
            <line number="58" hits="70" branch="true" condition-coverage="100% (2/2)"/>
            <line number="59" hits="69" branch="false"/>
            <line number="61" hits="1" branch="false"/>
            <line number="64" hits="69" branch="false"/>
            <line number="69" hits="75" branch="false"/>
            <line number="70" hits="75" branch="false"/>
            <line number="73" hits="75" branch="false"/>
            <line number="75" hits="75" branch="false"/>
            <line number="78" hits="68" branch="true" condition-coverage="100% (2/2)"/>
            <line number="79" hits="4" branch="false"/>
            <line number="81" hits="64" branch="true" condition-coverage="100% (2/2)"/>
            <line number="82" hits="6" branch="false"/>
            <line number="83" hits="6" branch="true" condition-coverage="100% (2/2)"/>
            <line number="84" hits="1" branch="false"/>
            <line number="87" hits="63" branch="false"/>
            <line number="88" hits="63" branch="false"/>
            <line number="91" hits="68" branch="false"/>
            <line number="94" hits="64" branch="false"/>
            <line number="107" hits="75" branch="false"/>
            <line number="109" hits="77" branch="false"/>
            <line number="112" hits="90" branch="false"/>
            <line number="117" hits="67" branch="false"/>
            <line number="122" hits="23" branch="false"/>
            <line number="125" hits="64" branch="false"/>
            <line number="131" hits="64" branch="false"/>
            <line number="132" hits="64" branch="false"/>
            <line number="137" hits="105" branch="false"/>
          </lines>
        </class>
      </classes>
    </package>
    <package name="core.utils" line-rate="1" branch-rate="1">
      <classes>
        <class name="coalescing-manager.ts" filename="libs/template/src/lib/core/utils/coalescing-manager.ts" line-rate="1" branch-rate="1">
          <methods>
            <method name="(anonymous_0)" hits="728" signature="()V">
              <lines>
                <line number="16" hits="728"/>
              </lines>
            </method>
            <method name="createCoalesceManager" hits="28" signature="()V">
              <lines>
                <line number="29" hits="28"/>
              </lines>
            </method>
            <method name="removeWork" hits="136" signature="()V">
              <lines>
                <line number="37" hits="136"/>
              </lines>
            </method>
            <method name="addWork" hits="131" signature="()V">
              <lines>
                <line number="45" hits="131"/>
              </lines>
            </method>
            <method name="isCoalescing" hits="194" signature="()V">
              <lines>
                <line number="55" hits="194"/>
              </lines>
            </method>
          </methods>
          <lines>
            <line number="1" hits="28" branch="false"/>
            <line number="13" hits="28" branch="false"/>
            <line number="15" hits="28" branch="false"/>
            <line number="16" hits="728" branch="false"/>
            <line number="30" hits="28" branch="false"/>
            <line number="38" hits="136" branch="false"/>
            <line number="39" hits="136" branch="false"/>
            <line number="47" hits="131" branch="false"/>
            <line number="49" hits="131" branch="false"/>
            <line number="56" hits="194" branch="false"/>
          </lines>
        </class>
        <class name="properties-weakmap.ts" filename="libs/template/src/lib/core/utils/properties-weakmap.ts" line-rate="1" branch-rate="1">
          <methods>
            <method name="createPropertiesWeakMap" hits="29" signature="()V">
              <lines>
                <line number="32" hits="29"/>
              </lines>
            </method>
            <method name="getProperties" hits="733" signature="()V">
              <lines>
                <line number="43" hits="733"/>
              </lines>
            </method>
            <method name="(anonymous_2)" hits="82" signature="()V">
              <lines>
                <line number="54" hits="82"/>
              </lines>
            </method>
            <method name="setProperties" hits="268" signature="()V">
              <lines>
                <line number="64" hits="268"/>
              </lines>
            </method>
            <method name="(anonymous_4)" hits="268" signature="()V">
              <lines>
                <line number="66" hits="268"/>
              </lines>
            </method>
            <method name="hasKey" hits="82" signature="()V">
              <lines>
                <line number="73" hits="82"/>
              </lines>
            </method>
          </methods>
          <lines>
            <line number="32" hits="28" branch="false"/>
            <line number="36" hits="29" branch="false"/>
            <line number="38" hits="29" branch="false"/>
            <line number="44" hits="733" branch="false"/>
            <line number="45" hits="733" branch="false"/>
            <line number="48" hits="733" branch="true" condition-coverage="100% (2/2)"/>
            <line number="49" hits="651" branch="false"/>
            <line number="51" hits="82" branch="false"/>
            <line number="53" hits="82" branch="false"/>
            <line number="55" hits="82" branch="true" condition-coverage="100% (2/2)"/>
            <line number="59" hits="82" branch="false"/>
            <line number="61" hits="733" branch="false"/>
            <line number="65" hits="268" branch="false"/>
            <line number="66" hits="268" branch="false"/>
            <line number="67" hits="268" branch="false"/>
            <line number="69" hits="268" branch="false"/>
            <line number="70" hits="268" branch="false"/>
            <line number="74" hits="82" branch="false"/>
          </lines>
        </class>
        <class name="rx-materialize.ts" filename="libs/template/src/lib/core/utils/rx-materialize.ts" line-rate="1" branch-rate="1">
          <methods>
            <method name="rxMaterialize" hits="64" signature="()V">
              <lines>
                <line number="5" hits="64"/>
              </lines>
            </method>
            <method name="(anonymous_1)" hits="64" signature="()V">
              <lines>
                <line number="6" hits="64"/>
              </lines>
            </method>
            <method name="(anonymous_2)" hits="105" signature="()V">
              <lines>
                <line number="8" hits="105"/>
              </lines>
            </method>
            <method name="(anonymous_3)" hits="105" signature="()V">
              <lines>
                <line number="13" hits="105"/>
              </lines>
            </method>
            <method name="notificationKindToRxNotificationKind" hits="105" signature="()V">
              <lines>
                <line number="22" hits="105"/>
              </lines>
            </method>
          </methods>
          <lines>
            <line number="2" hits="23" branch="false"/>
            <line number="5" hits="23" branch="false"/>
            <line number="6" hits="64" branch="false"/>
            <line number="9" hits="105" branch="true" condition-coverage="100% (2/2)"/>
            <line number="10" hits="6" branch="false"/>
            <line number="13" hits="105" branch="false"/>
            <line number="22" hits="23" branch="false"/>
            <line number="23" hits="105" branch="false"/>
            <line number="25" hits="43" branch="false"/>
            <line number="27" hits="6" branch="false"/>
            <line number="30" hits="56" branch="false"/>
          </lines>
        </class>
        <class name="template-manager_creator.ts" filename="libs/template/src/lib/core/utils/template-manager_creator.ts" line-rate="1" branch-rate="1">
          <methods>
            <method name="createTemplateManager" hits="50" signature="()V">
              <lines>
                <line number="65" hits="50"/>
              </lines>
            </method>
            <method name="(anonymous_1)" hits="58" signature="()V">
              <lines>
                <line number="75" hits="58"/>
              </lines>
            </method>
            <method name="(anonymous_2)" hits="55" signature="()V">
              <lines>
                <line number="79" hits="55"/>
              </lines>
            </method>
            <method name="(anonymous_3)" hits="91" signature="()V">
              <lines>
                <line number="80" hits="91"/>
              </lines>
            </method>
            <method name="(anonymous_4)" hits="70" signature="()V">
              <lines>
                <line number="85" hits="70"/>
              </lines>
            </method>
            <method name="(anonymous_5)" hits="2" signature="()V">
              <lines>
                <line number="97" hits="2"/>
              </lines>
            </method>
            <method name="(anonymous_6)" hits="75" signature="()V">
              <lines>
                <line number="101" hits="75"/>
              </lines>
            </method>
            <method name="(anonymous_7)" hits="26" signature="()V">
              <lines>
                <line number="127" hits="26"/>
              </lines>
            </method>
            <method name="(anonymous_8)" hits="27" signature="()V">
              <lines>
                <line number="128" hits="27"/>
              </lines>
            </method>
            <method name="assertTemplate" hits="70" signature="()V">
              <lines>
                <line number="134" hits="70"/>
              </lines>
            </method>
          </methods>
          <lines>
            <line number="65" hits="11" branch="false"/>
            <line number="69" hits="50" branch="false"/>
            <line number="70" hits="50" branch="false"/>
            <line number="71" hits="50" branch="false"/>
            <line number="74" hits="50" branch="false"/>
            <line number="76" hits="58" branch="false"/>
            <line number="80" hits="55" branch="false"/>
            <line number="81" hits="91" branch="false"/>
            <line number="86" hits="70" branch="false"/>
            <line number="87" hits="69" branch="true" condition-coverage="100% (2/2)"/>
            <line number="88" hits="68" branch="false"/>
            <line number="91" hits="1" branch="false"/>
            <line number="98" hits="2" branch="false"/>
            <line number="102" hits="75" branch="true" condition-coverage="100% (2/2)"/>
            <line number="103" hits="48" branch="true" condition-coverage="100% (2/2)"/>
            <line number="105" hits="47" branch="false"/>
            <line number="107" hits="47" branch="true" condition-coverage="100% (2/2)"/>
            <line number="108" hits="1" branch="false"/>
            <line number="111" hits="46" branch="false"/>
            <line number="115" hits="46" branch="false"/>
            <line number="120" hits="1" branch="false"/>
            <line number="123" hits="48" branch="false"/>
            <line number="128" hits="27" branch="false"/>
            <line number="129" hits="26" branch="false"/>
            <line number="138" hits="70" branch="false"/>
            <line number="141" hits="70" branch="true" condition-coverage="100% (2/2)"/>
            <line number="142" hits="1" branch="false"/>
            <line number="146" hits="69" branch="false"/>
          </lines>
        </class>
        <class name="unpatched-resolved-promise.ts" filename="libs/template/src/lib/core/utils/unpatched-resolved-promise.ts" line-rate="1" branch-rate="1">
          <methods>
            <method name="getUnpatchedResolvedPromise" hits="134" signature="()V">
              <lines>
                <line number="6" hits="134"/>
              </lines>
            </method>
          </methods>
          <lines>
            <line number="2" hits="27" branch="false"/>
            <line number="4" hits="27" branch="false"/>
            <line number="6" hits="27" branch="false"/>
            <line number="7" hits="134" branch="true" condition-coverage="100% (2/2)"/>
            <line number="8" hits="134" branch="false"/>
          </lines>
        </class>
        <class name="zone-checks.ts" filename="libs/template/src/lib/core/utils/zone-checks.ts" line-rate="1" branch-rate="1">
          <methods>
            <method name="getZoneUnPatchedApi" hits="155" signature="()V">
              <lines>
                <line number="16" hits="155"/>
              </lines>
            </method>
            <method name="isEnvZonePatched" hits="2" signature="()V">
              <lines>
                <line number="35" hits="2"/>
              </lines>
            </method>
            <method name="isApiZonePatched" hits="155" signature="()V">
              <lines>
                <line number="51" hits="155"/>
              </lines>
            </method>
            <method name="isNgZone" hits="6" signature="()V">
              <lines>
                <line number="77" hits="6"/>
              </lines>
            </method>
            <method name="fn" hits="3" signature="()V">
              <lines>
                <line number="86" hits="3"/>
              </lines>
            </method>
            <method name="(anonymous_5)" hits="2" signature="()V">
              <lines>
                <line number="89" hits="2"/>
              </lines>
            </method>
            <method name="isNoopNgZone" hits="4" signature="()V">
              <lines>
                <line number="111" hits="4"/>
              </lines>
            </method>
          </methods>
          <lines>
            <line number="1" hits="27" branch="false"/>
            <line number="16" hits="27" branch="false"/>
            <line number="17" hits="155" branch="true" condition-coverage="100% (2/2)"/>
            <line number="18" hits="155" branch="true" condition-coverage="100% (2/2)"/>
            <line number="35" hits="27" branch="false"/>
            <line number="36" hits="2" branch="false"/>
            <line number="51" hits="27" branch="false"/>
            <line number="53" hits="155" branch="false"/>
            <line number="56" hits="27" branch="false"/>
            <line number="77" hits="27" branch="false"/>
            <line number="78" hits="6" branch="false"/>
            <line number="80" hits="6" branch="true" condition-coverage="100% (2/2)"/>
            <line number="81" hits="1" branch="false"/>
            <line number="84" hits="5" branch="false"/>
            <line number="89" hits="5" branch="false"/>
            <line number="91" hits="5" branch="false"/>
            <line number="92" hits="5" branch="false"/>
            <line number="94" hits="5" branch="false"/>
            <line number="111" hits="27" branch="false"/>
            <line number="112" hits="4" branch="false"/>
          </lines>
        </class>
      </classes>
    </package>
    <package name="let" line-rate="1" branch-rate="1">
      <classes>
        <class name="let.directive.ts" filename="libs/template/src/lib/let/let.directive.ts" line-rate="1" branch-rate="1">
          <methods>
            <method name="(anonymous_0)" hits="35" signature="()V">
              <lines>
                <line number="341" hits="35"/>
              </lines>
            </method>
            <method name="(anonymous_1)" hits="2" signature="()V">
              <lines>
                <line number="295" hits="2"/>
              </lines>
            </method>
            <method name="(anonymous_2)" hits="28" signature="()V">
              <lines>
                <line number="305" hits="28"/>
              </lines>
            </method>
            <method name="(anonymous_3)" hits="4" signature="()V">
              <lines>
                <line number="312" hits="4"/>
              </lines>
            </method>
            <method name="(anonymous_4)" hits="19" signature="()V">
              <lines>
                <line number="321" hits="19"/>
              </lines>
            </method>
            <method name="(anonymous_5)" hits="29" signature="()V">
              <lines>
                <line number="370" hits="29"/>
              </lines>
            </method>
            <method name="(anonymous_6)" hits="29" signature="()V">
              <lines>
                <line number="169" hits="29"/>
              </lines>
            </method>
            <method name="(anonymous_7)" hits="2" signature="()V">
              <lines>
                <line number="211" hits="2"/>
              </lines>
            </method>
            <method name="(anonymous_8)" hits="9" signature="()V">
              <lines>
                <line number="230" hits="9"/>
              </lines>
            </method>
            <method name="(anonymous_9)" hits="9" signature="()V">
              <lines>
                <line number="251" hits="9"/>
              </lines>
            </method>
            <method name="(anonymous_10)" hits="10" signature="()V">
              <lines>
                <line number="272" hits="10"/>
              </lines>
            </method>
            <method name="(anonymous_11)" hits="1" signature="()V">
              <lines>
                <line number="333" hits="1"/>
              </lines>
            </method>
            <method name="(anonymous_12)" hits="27" signature="()V">
              <lines>
                <line number="357" hits="27"/>
              </lines>
            </method>
            <method name="(anonymous_13)" hits="25" signature="()V">
              <lines>
                <line number="364" hits="25"/>
              </lines>
            </method>
          </methods>
          <lines>
            <line number="1" hits="10" branch="false"/>
            <line number="3" hits="10" branch="false"/>
            <line number="4" hits="10" branch="false"/>
            <line number="6" hits="10" branch="false"/>
            <line number="7" hits="10" branch="false"/>
            <line number="135" hits="10" branch="false"/>
            <line number="169" hits="10" branch="false"/>
            <line number="170" hits="29" branch="false"/>
            <line number="211" hits="10" branch="false"/>
            <line number="212" hits="2" branch="true" condition-coverage="100% (2/2)"/>
            <line number="230" hits="10" branch="false"/>
            <line number="233" hits="9" branch="false"/>
            <line number="251" hits="10" branch="false"/>
            <line number="254" hits="9" branch="false"/>
            <line number="272" hits="10" branch="false"/>
            <line number="275" hits="10" branch="false"/>
            <line number="279" hits="35" branch="false"/>
            <line number="285" hits="35" branch="false"/>
            <line number="294" hits="35" branch="false"/>
            <line number="296" hits="2" branch="false"/>
            <line number="297" hits="2" branch="false"/>
            <line number="306" hits="28" branch="false"/>
            <line number="307" hits="28" branch="false"/>
            <line number="314" hits="4" branch="false"/>
            <line number="317" hits="4" branch="false"/>
            <line number="323" hits="19" branch="false"/>
            <line number="326" hits="19" branch="false"/>
            <line number="337" hits="1" branch="false"/>
            <line number="343" hits="35" branch="false"/>
            <line number="344" hits="35" branch="false"/>
            <line number="346" hits="35" branch="false"/>
            <line number="347" hits="35" branch="false"/>
            <line number="349" hits="35" branch="false"/>
            <line number="353" hits="35" branch="false"/>
            <line number="358" hits="27" branch="false"/>
            <line number="359" hits="27" branch="false"/>
            <line number="360" hits="27" branch="false"/>
            <line number="365" hits="25" branch="false"/>
            <line number="366" hits="25" branch="false"/>
            <line number="370" hits="35" branch="false"/>
            <line number="372" hits="29" branch="true" condition-coverage="100% (2/2)"/>
            <line number="373" hits="10" branch="false"/>
          </lines>
        </class>
        <class name="let.module.ts" filename="libs/template/src/lib/let/let.module.ts" line-rate="1" branch-rate="1">
          <methods>
          </methods>
          <lines>
            <line number="1" hits="5" branch="false"/>
            <line number="2" hits="5" branch="false"/>
            <line number="4" hits="5" branch="false"/>
            <line number="10" hits="5" branch="false"/>
          </lines>
        </class>
      </classes>
    </package>
    <package name="push" line-rate="1" branch-rate="1">
      <classes>
        <class name="push.module.ts" filename="libs/template/src/lib/push/push.module.ts" line-rate="1" branch-rate="1">
          <methods>
          </methods>
          <lines>
            <line number="1" hits="5" branch="false"/>
            <line number="2" hits="5" branch="false"/>
            <line number="4" hits="5" branch="false"/>
            <line number="26" hits="5" branch="false"/>
          </lines>
        </class>
        <class name="push.pipe.ts" filename="libs/template/src/lib/push/push.pipe.ts" line-rate="1" branch-rate="1">
          <methods>
            <method name="(anonymous_0)" hits="18" signature="()V">
              <lines>
                <line number="63" hits="18"/>
              </lines>
            </method>
            <method name="(anonymous_1)" hits="2" signature="()V">
              <lines>
                <line number="59" hits="2"/>
              </lines>
            </method>
            <method name="(anonymous_2)" hits="11" signature="()V">
              <lines>
                <line number="60" hits="11"/>
              </lines>
            </method>
            <method name="(anonymous_3)" hits="27" signature="()V">
              <lines>
                <line number="88" hits="27"/>
              </lines>
            </method>
            <method name="(anonymous_4)" hits="8" signature="()V">
              <lines>
                <line number="99" hits="8"/>
              </lines>
            </method>
          </methods>
          <lines>
            <line number="1" hits="7" branch="false"/>
            <line number="3" hits="7" branch="false"/>
            <line number="5" hits="7" branch="false"/>
            <line number="6" hits="7" branch="false"/>
            <line number="52" hits="7" branch="false"/>
            <line number="58" hits="18" branch="false"/>
            <line number="59" hits="2" branch="false"/>
            <line number="60" hits="11" branch="false"/>
            <line number="64" hits="18" branch="false"/>
            <line number="70" hits="18" branch="false"/>
            <line number="93" hits="27" branch="true" condition-coverage="100% (2/2)"/>
            <line number="94" hits="27" branch="false"/>
            <line number="95" hits="27" branch="false"/>
            <line number="96" hits="27" branch="false"/>
            <line number="100" hits="8" branch="false"/>
          </lines>
        </class>
      </classes>
    </package>
    <package name="render-strategies.rxjs.operators" line-rate="0.9706" branch-rate="1">
      <classes>
        <class name="coalesceWith.ts" filename="libs/template/src/lib/render-strategies/rxjs/operators/coalesceWith.ts" line-rate="0.9706" branch-rate="1">
          <methods>
            <method name="coalesceWith" hits="105" signature="()V">
              <lines>
                <line number="43" hits="105"/>
              </lines>
            </method>
            <method name="(anonymous_1)" hits="105" signature="()V">
              <lines>
                <line number="49" hits="105"/>
              </lines>
            </method>
            <method name="(anonymous_2)" hits="105" signature="()V">
              <lines>
                <line number="50" hits="105"/>
              </lines>
            </method>
            <method name="createInnerObserver" hits="105" signature="()V">
              <lines>
                <line number="60" hits="105"/>
              </lines>
            </method>
            <method name="(anonymous_4)" hits="177" signature="()V">
              <lines>
                <line number="67" hits="177"/>
              </lines>
            </method>
            <method name="(anonymous_5)" hits="27" signature="()V">
              <lines>
                <line number="77" hits="27"/>
              </lines>
            </method>
            <method name="(anonymous_6)" hits="1" signature="()V">
              <lines>
                <line number="81" hits="1"/>
              </lines>
            </method>
            <method name="(anonymous_7)" hits="218" signature="()V">
              <lines>
                <line number="82" hits="218"/>
              </lines>
            </method>
            <method name="(anonymous_8)" hits="0" signature="()V">
              <lines>
                <line number="88" hits="0"/>
              </lines>
            </method>
            <method name="(anonymous_9)" hits="40" signature="()V">
              <lines>
                <line number="89" hits="40"/>
              </lines>
            </method>
            <method name="(anonymous_10)" hits="17" signature="()V">
              <lines>
                <line number="94" hits="17"/>
              </lines>
            </method>
            <method name="(anonymous_11)" hits="93" signature="()V">
              <lines>
                <line number="99" hits="93"/>
              </lines>
            </method>
          </methods>
          <lines>
            <line number="1" hits="20" branch="false"/>
            <line number="10" hits="20" branch="false"/>
            <line number="43" hits="20" branch="false"/>
            <line number="47" hits="105" branch="true" condition-coverage="100% (2/2)"/>
            <line number="49" hits="105" branch="false"/>
            <line number="50" hits="105" branch="false"/>
            <line number="51" hits="105" branch="false"/>
            <line number="52" hits="105" branch="false"/>
            <line number="55" hits="105" branch="false"/>
            <line number="58" hits="105" branch="false"/>
            <line number="67" hits="105" branch="false"/>
            <line number="68" hits="177" branch="true" condition-coverage="100% (2/2)"/>
            <line number="70" hits="117" branch="false"/>
            <line number="71" hits="117" branch="true" condition-coverage="100% (2/2)"/>
            <line number="72" hits="112" branch="false"/>
            <line number="76" hits="105" branch="false"/>
            <line number="78" hits="27" branch="false"/>
            <line number="79" hits="27" branch="false"/>
            <line number="81" hits="1" branch="false"/>
            <line number="83" hits="218" branch="false"/>
            <line number="84" hits="218" branch="true" condition-coverage="100% (2/2)"/>
            <line number="86" hits="108" branch="false"/>
            <line number="87" hits="108" branch="false"/>
            <line number="88" hits="0" branch="false"/>
            <line number="90" hits="40" branch="false"/>
            <line number="91" hits="40" branch="false"/>
            <line number="92" hits="38" branch="false"/>
            <line number="95" hits="17" branch="false"/>
            <line number="96" hits="17" branch="false"/>
            <line number="99" hits="108" branch="false"/>
            <line number="100" hits="93" branch="false"/>
            <line number="101" hits="93" branch="true" condition-coverage="100% (2/2)"/>
            <line number="102" hits="53" branch="false"/>
            <line number="103" hits="53" branch="false"/>
          </lines>
        </class>
      </classes>
    </package>
    <package name="render-strategies.rxjs.scheduling" line-rate="1" branch-rate="1">
      <classes>
        <class name="animationFrameTick.ts" filename="libs/template/src/lib/render-strategies/rxjs/scheduling/animationFrameTick.ts" line-rate="1" branch-rate="1">
          <methods>
            <method name="(anonymous_0)" hits="48" signature="()V">
              <lines>
                <line number="4" hits="48"/>
              </lines>
            </method>
            <method name="(anonymous_1)" hits="71" signature="()V">
              <lines>
                <line number="5" hits="71"/>
              </lines>
            </method>
            <method name="(anonymous_2)" hits="22" signature="()V">
              <lines>
                <line number="6" hits="22"/>
              </lines>
            </method>
            <method name="(anonymous_3)" hits="62" signature="()V">
              <lines>
                <line number="11" hits="62"/>
              </lines>
            </method>
          </methods>
          <lines>
            <line number="1" hits="22" branch="false"/>
            <line number="2" hits="22" branch="false"/>
            <line number="4" hits="22" branch="false"/>
            <line number="5" hits="48" branch="false"/>
            <line number="6" hits="71" branch="false"/>
            <line number="7" hits="22" branch="false"/>
            <line number="8" hits="22" branch="false"/>
            <line number="11" hits="71" branch="false"/>
            <line number="12" hits="62" branch="false"/>
          </lines>
        </class>
        <class name="interfaces.ts" filename="libs/template/src/lib/render-strategies/rxjs/scheduling/interfaces.ts" line-rate="1" branch-rate="1">
          <methods>
            <method name="(anonymous_0)" hits="22" signature="()V">
              <lines>
                <line number="1" hits="22"/>
              </lines>
            </method>
            <method name="(anonymous_1)" hits="22" signature="()V">
              <lines>
                <line number="12" hits="22"/>
              </lines>
            </method>
          </methods>
          <lines>
            <line number="1" hits="22" branch="true" condition-coverage="100% (2/2)"/>
            <line number="2" hits="22" branch="false"/>
            <line number="3" hits="22" branch="false"/>
            <line number="4" hits="22" branch="false"/>
            <line number="5" hits="22" branch="false"/>
            <line number="6" hits="22" branch="false"/>
            <line number="7" hits="22" branch="false"/>
            <line number="8" hits="22" branch="false"/>
            <line number="12" hits="22" branch="true" condition-coverage="100% (2/2)"/>
            <line number="13" hits="22" branch="false"/>
            <line number="14" hits="22" branch="false"/>
            <line number="15" hits="22" branch="false"/>
            <line number="16" hits="22" branch="false"/>
            <line number="17" hits="22" branch="false"/>
            <line number="18" hits="22" branch="false"/>
            <line number="19" hits="22" branch="false"/>
            <line number="20" hits="22" branch="false"/>
            <line number="21" hits="22" branch="false"/>
            <line number="22" hits="22" branch="false"/>
          </lines>
        </class>
        <class name="priority-tick-map.ts" filename="libs/template/src/lib/render-strategies/rxjs/scheduling/priority-tick-map.ts" line-rate="1" branch-rate="1">
          <methods>
          </methods>
          <lines>
            <line number="1" hits="22" branch="false"/>
            <line number="2" hits="22" branch="false"/>
            <line number="3" hits="22" branch="false"/>
            <line number="4" hits="22" branch="false"/>
            <line number="6" hits="22" branch="false"/>
          </lines>
        </class>
        <class name="promiseTick.ts" filename="libs/template/src/lib/render-strategies/rxjs/scheduling/promiseTick.ts" line-rate="1" branch-rate="1">
          <methods>
            <method name="(anonymous_0)" hits="61" signature="()V">
              <lines>
                <line number="6" hits="61"/>
              </lines>
            </method>
            <method name="(anonymous_1)" hits="92" signature="()V">
              <lines>
                <line number="7" hits="92"/>
              </lines>
            </method>
            <method name="(anonymous_2)" hits="91" signature="()V">
              <lines>
                <line number="10" hits="91"/>
              </lines>
            </method>
            <method name="(anonymous_3)" hits="1" signature="()V">
              <lines>
                <line number="16" hits="1"/>
              </lines>
            </method>
            <method name="(anonymous_4)" hits="92" signature="()V">
              <lines>
                <line number="19" hits="92"/>
              </lines>
            </method>
          </methods>
          <lines>
            <line number="1" hits="22" branch="false"/>
            <line number="2" hits="22" branch="false"/>
            <line number="6" hits="22" branch="false"/>
            <line number="7" hits="61" branch="false"/>
            <line number="8" hits="92" branch="false"/>
            <line number="9" hits="92" branch="false"/>
            <line number="11" hits="91" branch="true" condition-coverage="100% (2/2)"/>
            <line number="12" hits="41" branch="false"/>
            <line number="13" hits="41" branch="false"/>
            <line number="17" hits="1" branch="false"/>
            <line number="19" hits="92" branch="false"/>
            <line number="20" hits="92" branch="false"/>
            <line number="21" hits="92" branch="false"/>
          </lines>
        </class>
      </classes>
    </package>
    <package name="render-strategies.static" line-rate="1" branch-rate="1">
      <classes>
        <class name="static-coalesce.ts" filename="libs/template/src/lib/render-strategies/static/static-coalesce.ts" line-rate="1" branch-rate="1">
          <methods>
            <method name="staticCoalesce" hits="54" signature="()V">
              <lines>
                <line number="5" hits="54"/>
              </lines>
            </method>
            <method name="(anonymous_1)" hits="16" signature="()V">
              <lines>
                <line number="15" hits="16"/>
              </lines>
            </method>
            <method name="(anonymous_2)" hits="13" signature="()V">
              <lines>
                <line number="18" hits="13"/>
              </lines>
            </method>
            <method name="tryExecuteWork" hits="16" signature="()V">
              <lines>
                <line number="29" hits="16"/>
              </lines>
            </method>
          </methods>
          <lines>
            <line number="2" hits="21" branch="false"/>
            <line number="5" hits="21" branch="false"/>
            <line number="13" hits="54" branch="true" condition-coverage="100% (2/2)"/>
            <line number="14" hits="18" branch="false"/>
            <line number="15" hits="18" branch="false"/>
            <line number="16" hits="16" branch="false"/>
            <line number="18" hits="18" branch="false"/>
            <line number="19" hits="13" branch="false"/>
            <line number="20" hits="13" branch="false"/>
            <line number="22" hits="18" branch="false"/>
            <line number="25" hits="54" branch="false"/>
            <line number="30" hits="16" branch="false"/>
            <line number="31" hits="16" branch="true" condition-coverage="100% (2/2)"/>
            <line number="32" hits="15" branch="false"/>
            <line number="34" hits="1" branch="false"/>
          </lines>
        </class>
        <class name="static-schedule-and-coalesced.ts" filename="libs/template/src/lib/render-strategies/static/static-schedule-and-coalesced.ts" line-rate="1" branch-rate="1">
          <methods>
            <method name="coalesceAndSchedule" hits="40" signature="()V">
              <lines>
                <line number="7" hits="40"/>
              </lines>
            </method>
            <method name="(anonymous_1)" hits="11" signature="()V">
              <lines>
                <line number="14" hits="11"/>
              </lines>
            </method>
            <method name="(anonymous_2)" hits="15" signature="()V">
              <lines>
                <line number="23" hits="15"/>
              </lines>
            </method>
          </methods>
          <lines>
            <line number="1" hits="21" branch="false"/>
            <line number="2" hits="21" branch="false"/>
            <line number="3" hits="21" branch="false"/>
            <line number="5" hits="21" branch="false"/>
            <line number="7" hits="21" branch="false"/>
            <line number="13" hits="40" branch="false"/>
            <line number="14" hits="40" branch="false"/>
            <line number="16" hits="40" branch="false"/>
            <line number="23" hits="40" branch="false"/>
            <line number="24" hits="15" branch="false"/>
            <line number="25" hits="15" branch="false"/>
            <line number="27" hits="40" branch="false"/>
            <line number="29" hits="40" branch="false"/>
          </lines>
        </class>
        <class name="static-schedule.ts" filename="libs/template/src/lib/render-strategies/static/static-schedule.ts" line-rate="1" branch-rate="1">
          <methods>
            <method name="staticSchedule" hits="15" signature="()V">
              <lines>
                <line number="4" hits="15"/>
              </lines>
            </method>
            <method name="(anonymous_1)" hits="1" signature="()V">
              <lines>
                <line number="19" hits="1"/>
              </lines>
            </method>
            <method name="(anonymous_2)" hits="12" signature="()V">
              <lines>
                <line number="20" hits="12"/>
              </lines>
            </method>
            <method name="(anonymous_3)" hits="12" signature="()V">
              <lines>
                <line number="23" hits="12"/>
              </lines>
            </method>
            <method name="tryExecuteWork" hits="14" signature="()V">
              <lines>
                <line number="32" hits="14"/>
              </lines>
            </method>
          </methods>
          <lines>
            <line number="1" hits="21" branch="false"/>
            <line number="4" hits="21" branch="false"/>
            <line number="10" hits="15" branch="true" condition-coverage="100% (2/2)"/>
            <line number="11" hits="2" branch="false"/>
            <line number="12" hits="2" branch="false"/>
            <line number="16" hits="13" branch="false"/>
            <line number="19" hits="1" branch="false"/>
            <line number="20" hits="12" branch="false"/>
            <line number="23" hits="13" branch="false"/>
            <line number="24" hits="12" branch="false"/>
            <line number="25" hits="12" branch="false"/>
            <line number="27" hits="13" branch="false"/>
            <line number="29" hits="13" branch="false"/>
            <line number="33" hits="14" branch="true" condition-coverage="100% (2/2)"/>
            <line number="34" hits="13" branch="false"/>
            <line number="35" hits="13" branch="false"/>
          </lines>
        </class>
      </classes>
    </package>
    <package name="render-strategies.strategies" line-rate="0.9887999999999999" branch-rate="1">
      <classes>
        <class name="detach-strategy.ts" filename="libs/template/src/lib/render-strategies/strategies/detach-strategy.ts" line-rate="1" branch-rate="1">
          <methods>
            <method name="getDetachStrategies" hits="95" signature="()V">
              <lines>
                <line number="21" hits="95"/>
              </lines>
            </method>
            <method name="createDetachStrategy" hits="95" signature="()V">
              <lines>
                <line number="49" hits="95"/>
              </lines>
            </method>
            <method name="(anonymous_2)" hits="6" signature="()V">
              <lines>
                <line number="56" hits="6"/>
              </lines>
            </method>
            <method name="(anonymous_3)" hits="9" signature="()V">
              <lines>
                <line number="61" hits="9"/>
              </lines>
            </method>
            <method name="(anonymous_4)" hits="4" signature="()V">
              <lines>
                <line number="64" hits="4"/>
              </lines>
            </method>
            <method name="(anonymous_5)" hits="3" signature="()V">
              <lines>
                <line number="64" hits="3"/>
              </lines>
            </method>
            <method name="(anonymous_6)" hits="13" signature="()V">
              <lines>
                <line number="67" hits="13"/>
              </lines>
            </method>
            <method name="(anonymous_7)" hits="3" signature="()V">
              <lines>
                <line number="68" hits="3"/>
              </lines>
            </method>
          </methods>
          <lines>
            <line number="1" hits="19" branch="false"/>
            <line number="2" hits="19" branch="false"/>
            <line number="3" hits="19" branch="false"/>
            <line number="4" hits="19" branch="false"/>
            <line number="6" hits="19" branch="false"/>
            <line number="7" hits="19" branch="false"/>
            <line number="8" hits="19" branch="false"/>
            <line number="10" hits="19" branch="false"/>
            <line number="21" hits="19" branch="false"/>
            <line number="24" hits="95" branch="false"/>
            <line number="49" hits="19" branch="false"/>
            <line number="52" hits="95" branch="false"/>
            <line number="53" hits="95" branch="false"/>
            <line number="54" hits="95" branch="false"/>
            <line number="56" hits="95" branch="false"/>
            <line number="57" hits="6" branch="false"/>
            <line number="58" hits="6" branch="false"/>
            <line number="59" hits="6" branch="false"/>
            <line number="61" hits="95" branch="false"/>
            <line number="64" hits="4" branch="false"/>
            <line number="67" hits="95" branch="false"/>
            <line number="68" hits="13" branch="false"/>
            <line number="69" hits="3" branch="false"/>
            <line number="72" hits="95" branch="false"/>
          </lines>
        </class>
        <class name="global.strategy.ts" filename="libs/template/src/lib/render-strategies/strategies/global.strategy.ts" line-rate="0.9375" branch-rate="1">
          <methods>
            <method name="getGlobalStrategies" hits="95" signature="()V">
              <lines>
                <line number="7" hits="95"/>
              </lines>
            </method>
            <method name="createGlobalStrategy" hits="95" signature="()V">
              <lines>
                <line number="40" hits="95"/>
              </lines>
            </method>
            <method name="(anonymous_2)" hits="27" signature="()V">
              <lines>
                <line number="43" hits="27"/>
              </lines>
            </method>
            <method name="(anonymous_3)" hits="0" signature="()V">
              <lines>
                <line number="47" hits="0"/>
              </lines>
            </method>
            <method name="(anonymous_4)" hits="3" signature="()V">
              <lines>
                <line number="48" hits="3"/>
              </lines>
            </method>
            <method name="(anonymous_5)" hits="13" signature="()V">
              <lines>
                <line number="49" hits="13"/>
              </lines>
            </method>
            <method name="(anonymous_6)" hits="13" signature="()V">
              <lines>
                <line number="50" hits="13"/>
              </lines>
            </method>
            <method name="(anonymous_7)" hits="3" signature="()V">
              <lines>
                <line number="50" hits="3"/>
              </lines>
            </method>
            <method name="(anonymous_8)" hits="14" signature="()V">
              <lines>
                <line number="52" hits="14"/>
              </lines>
            </method>
          </methods>
          <lines>
            <line number="1" hits="19" branch="false"/>
            <line number="2" hits="19" branch="false"/>
            <line number="4" hits="19" branch="false"/>
            <line number="5" hits="19" branch="false"/>
            <line number="7" hits="19" branch="false"/>
            <line number="10" hits="95" branch="false"/>
            <line number="40" hits="19" branch="false"/>
            <line number="43" hits="95" branch="false"/>
            <line number="44" hits="95" branch="false"/>
            <line number="45" hits="95" branch="false"/>
            <line number="47" hits="0" branch="false"/>
            <line number="48" hits="3" branch="false"/>
            <line number="49" hits="13" branch="false"/>
            <line number="50" hits="13" branch="false"/>
            <line number="53" hits="14" branch="false"/>
            <line number="54" hits="14" branch="false"/>
          </lines>
        </class>
        <class name="local.strategy.ts" filename="libs/template/src/lib/render-strategies/strategies/local.strategy.ts" line-rate="1" branch-rate="1">
          <methods>
            <method name="getLocalStrategies" hits="95" signature="()V">
              <lines>
                <line number="21" hits="95"/>
              </lines>
            </method>
            <method name="createLocalStrategy" hits="95" signature="()V">
              <lines>
                <line number="61" hits="95"/>
              </lines>
            </method>
            <method name="(anonymous_2)" hits="10" signature="()V">
              <lines>
                <line number="68" hits="10"/>
              </lines>
            </method>
            <method name="(anonymous_3)" hits="72" signature="()V">
              <lines>
                <line number="71" hits="72"/>
              </lines>
            </method>
            <method name="(anonymous_4)" hits="35" signature="()V">
              <lines>
                <line number="74" hits="35"/>
              </lines>
            </method>
            <method name="(anonymous_5)" hits="7" signature="()V">
              <lines>
                <line number="74" hits="7"/>
              </lines>
            </method>
            <method name="(anonymous_6)" hits="13" signature="()V">
              <lines>
                <line number="77" hits="13"/>
              </lines>
            </method>
            <method name="(anonymous_7)" hits="3" signature="()V">
              <lines>
                <line number="78" hits="3"/>
              </lines>
            </method>
          </methods>
          <lines>
            <line number="1" hits="19" branch="false"/>
            <line number="2" hits="19" branch="false"/>
            <line number="3" hits="19" branch="false"/>
            <line number="4" hits="19" branch="false"/>
            <line number="6" hits="19" branch="false"/>
            <line number="7" hits="19" branch="false"/>
            <line number="8" hits="19" branch="false"/>
            <line number="10" hits="19" branch="false"/>
            <line number="21" hits="19" branch="false"/>
            <line number="24" hits="95" branch="false"/>
            <line number="61" hits="19" branch="false"/>
            <line number="64" hits="95" branch="false"/>
            <line number="65" hits="95" branch="false"/>
            <line number="66" hits="95" branch="false"/>
            <line number="68" hits="95" branch="false"/>
            <line number="69" hits="10" branch="false"/>
            <line number="71" hits="95" branch="false"/>
            <line number="72" hits="72" branch="false"/>
            <line number="74" hits="35" branch="false"/>
            <line number="77" hits="95" branch="false"/>
            <line number="78" hits="13" branch="false"/>
            <line number="79" hits="3" branch="false"/>
            <line number="82" hits="95" branch="false"/>
          </lines>
        </class>
        <class name="native.strategy.ts" filename="libs/template/src/lib/render-strategies/strategies/native.strategy.ts" line-rate="1" branch-rate="1">
          <methods>
            <method name="createNativeStrategy" hits="97" signature="()V">
              <lines>
                <line number="26" hits="97"/>
              </lines>
            </method>
            <method name="(anonymous_1)" hits="27" signature="()V">
              <lines>
                <line number="29" hits="27"/>
              </lines>
            </method>
            <method name="(anonymous_2)" hits="1" signature="()V">
              <lines>
                <line number="33" hits="1"/>
              </lines>
            </method>
            <method name="(anonymous_3)" hits="3" signature="()V">
              <lines>
                <line number="34" hits="3"/>
              </lines>
            </method>
            <method name="(anonymous_4)" hits="13" signature="()V">
              <lines>
                <line number="35" hits="13"/>
              </lines>
            </method>
            <method name="(anonymous_5)" hits="13" signature="()V">
              <lines>
                <line number="36" hits="13"/>
              </lines>
            </method>
            <method name="(anonymous_6)" hits="3" signature="()V">
              <lines>
                <line number="36" hits="3"/>
              </lines>
            </method>
            <method name="(anonymous_7)" hits="13" signature="()V">
              <lines>
                <line number="38" hits="13"/>
              </lines>
            </method>
          </methods>
          <lines>
            <line number="2" hits="19" branch="false"/>
            <line number="3" hits="19" branch="false"/>
            <line number="4" hits="19" branch="false"/>
            <line number="26" hits="19" branch="false"/>
            <line number="29" hits="97" branch="false"/>
            <line number="30" hits="97" branch="false"/>
            <line number="31" hits="97" branch="false"/>
            <line number="33" hits="1" branch="false"/>
            <line number="34" hits="3" branch="false"/>
            <line number="35" hits="13" branch="false"/>
            <line number="36" hits="13" branch="false"/>
            <line number="39" hits="13" branch="false"/>
            <line number="40" hits="13" branch="false"/>
          </lines>
        </class>
        <class name="noop.strategy.ts" filename="libs/template/src/lib/render-strategies/strategies/noop.strategy.ts" line-rate="1" branch-rate="1">
          <methods>
            <method name="createNoopStrategy" hits="96" signature="()V">
              <lines>
                <line number="21" hits="96"/>
              </lines>
            </method>
            <method name="(anonymous_1)" hits="6" signature="()V">
              <lines>
                <line number="24" hits="6"/>
              </lines>
            </method>
            <method name="(anonymous_2)" hits="2" signature="()V">
              <lines>
                <line number="25" hits="2"/>
              </lines>
            </method>
            <method name="(anonymous_3)" hits="7" signature="()V">
              <lines>
                <line number="25" hits="7"/>
              </lines>
            </method>
            <method name="(anonymous_4)" hits="13" signature="()V">
              <lines>
                <line number="26" hits="13"/>
              </lines>
            </method>
          </methods>
          <lines>
            <line number="2" hits="19" branch="false"/>
            <line number="21" hits="19" branch="false"/>
            <line number="22" hits="96" branch="false"/>
            <line number="25" hits="7" branch="false"/>
            <line number="26" hits="13" branch="false"/>
          </lines>
        </class>
        <class name="strategies-map.ts" filename="libs/template/src/lib/render-strategies/strategies/strategies-map.ts" line-rate="1" branch-rate="1">
          <methods>
            <method name="getStrategies" hits="95" signature="()V">
              <lines>
                <line number="26" hits="95"/>
              </lines>
            </method>
          </methods>
          <lines>
            <line number="2" hits="19" branch="false"/>
            <line number="3" hits="19" branch="false"/>
            <line number="4" hits="19" branch="false"/>
            <line number="5" hits="19" branch="false"/>
            <line number="6" hits="19" branch="false"/>
            <line number="8" hits="19" branch="false"/>
            <line number="26" hits="19" branch="false"/>
            <line number="29" hits="95" branch="false"/>
          </lines>
        </class>
      </classes>
    </package>
    <package name="render-strategies.util" line-rate="1" branch-rate="0.8332999999999999">
      <classes>
        <class name="util.ts" filename="libs/template/src/lib/render-strategies/util/util.ts" line-rate="1" branch-rate="0.8332999999999999">
          <methods>
            <method name="afterCoalesceAndSchedule" hits="6" signature="()V">
              <lines>
                <line number="10" hits="6"/>
              </lines>
            </method>
            <method name="afterScheduleCD" hits="192" signature="()V">
              <lines>
                <line number="25" hits="192"/>
              </lines>
            </method>
            <method name="(anonymous_2)" hits="27" signature="()V">
              <lines>
                <line number="29" hits="27"/>
              </lines>
            </method>
            <method name="(anonymous_3)" hits="6" signature="()V">
              <lines>
                <line number="37" hits="6"/>
              </lines>
            </method>
          </methods>
          <lines>
            <line number="1" hits="19" branch="false"/>
            <line number="2" hits="19" branch="false"/>
            <line number="10" hits="19" branch="false"/>
            <line number="11" hits="6" branch="false"/>
            <line number="12" hits="6" branch="true" condition-coverage="50% (1/2)"/>
            <line number="13" hits="6" branch="false"/>
            <line number="25" hits="19" branch="false"/>
            <line number="29" hits="192" branch="false"/>
            <line number="30" hits="27" branch="true" condition-coverage="100% (2/2)"/>
            <line number="31" hits="20" branch="false"/>
            <line number="33" hits="27" branch="false"/>
            <line number="34" hits="27" branch="true" condition-coverage="100% (2/2)"/>
            <line number="35" hits="26" branch="false"/>
            <line number="38" hits="6" branch="false"/>
            <line number="41" hits="27" branch="false"/>
          </lines>
        </class>
      </classes>
    </package>
  </packages>
</coverage>
