TN:
SF:libs/template/src/lib/core/render-aware/render-aware_creator.ts
FN:43,createRenderAware
FN:51,(anonymous_1)
FN:56,(anonymous_2)
FN:64,(anonymous_3)
FN:77,(anonymous_4)
FN:91,(anonymous_5)
FN:93,(anonymous_6)
FN:108,(anonymous_7)
FN:111,(anonymous_8)
FN:116,(anonymous_9)
FN:122,renderWithLatestStrategy
FN:131,(anonymous_11)
FN:136,(anonymous_12)
FNF:13
FNH:13
FNDA:75,createRenderAware
FNDA:70,(anonymous_1)
FNDA:70,(anonymous_2)
FNDA:69,(anonymous_3)
FNDA:68,(anonymous_4)
FNDA:68,(anonymous_5)
FNDA:64,(anonymous_6)
FNDA:77,(anonymous_7)
FNDA:90,(anonymous_8)
FNDA:67,(anonymous_9)
FNDA:64,renderWithLatestStrategy
FNDA:64,(anonymous_11)
FNDA:105,(anonymous_12)
DA:1,23
DA:12,23
DA:24,23
DA:43,23
DA:47,75
DA:49,75
DA:52,70
DA:57,70
DA:58,70
DA:59,69
DA:61,1
DA:64,69
DA:69,75
DA:70,75
DA:73,75
DA:75,75
DA:78,68
DA:79,4
DA:81,64
DA:82,6
DA:83,6
DA:84,1
DA:87,63
DA:88,63
DA:91,68
DA:94,64
DA:107,75
DA:109,77
DA:112,90
DA:117,67
DA:122,23
DA:125,64
DA:131,64
DA:132,64
DA:137,105
LF:35
LH:35
BRDA:53,0,0,69
BRDA:53,0,1,1
BRDA:58,1,0,69
BRDA:58,1,1,1
BRDA:78,2,0,4
BRDA:78,2,1,64
BRDA:81,3,0,6
BRDA:81,3,1,58
BRDA:83,4,0,1
BRDA:83,4,1,5
BRF:10
BRH:10
end_of_record
TN:
SF:libs/template/src/lib/core/utils/coalescing-manager.ts
FN:16,(anonymous_0)
FN:29,createCoalesceManager
FN:37,removeWork
FN:45,addWork
FN:55,isCoalescing
FNF:5
FNH:5
FNDA:728,(anonymous_0)
FNDA:28,createCoalesceManager
FNDA:136,removeWork
FNDA:131,addWork
FNDA:194,isCoalescing
DA:1,28
DA:13,28
DA:15,28
DA:16,728
DA:30,28
DA:38,136
DA:39,136
DA:47,131
DA:49,131
DA:56,194
LF:10
LH:10
BRDA:40,0,0,125
BRDA:40,0,1,11
BRF:2
BRH:2
end_of_record
TN:
SF:libs/template/src/lib/core/utils/properties-weakmap.ts
FN:32,createPropertiesWeakMap
FN:43,getProperties
FN:54,(anonymous_2)
FN:64,setProperties
FN:66,(anonymous_4)
FN:73,hasKey
FNF:6
FNH:6
FNDA:29,createPropertiesWeakMap
FNDA:733,getProperties
FNDA:82,(anonymous_2)
FNDA:268,setProperties
FNDA:268,(anonymous_4)
FNDA:82,hasKey
DA:32,28
DA:36,29
DA:38,29
DA:44,733
DA:45,733
DA:48,733
DA:49,651
DA:51,82
DA:53,82
DA:55,82
DA:59,82
DA:61,733
DA:65,268
DA:66,268
DA:67,268
DA:69,268
DA:70,268
DA:74,82
LF:18
LH:18
BRDA:48,0,0,651
BRDA:48,0,1,82
BRDA:55,1,0,1
BRDA:55,1,1,81
BRF:4
BRH:4
end_of_record
TN:
SF:libs/template/src/lib/core/utils/rx-materialize.ts
FN:5,rxMaterialize
FN:6,(anonymous_1)
FN:8,(anonymous_2)
FN:13,(anonymous_3)
FN:22,notificationKindToRxNotificationKind
FNF:5
FNH:5
FNDA:64,rxMaterialize
FNDA:64,(anonymous_1)
FNDA:105,(anonymous_2)
FNDA:105,(anonymous_3)
FNDA:105,notificationKindToRxNotificationKind
DA:2,23
DA:5,23
DA:6,64
DA:9,105
DA:10,6
DA:13,105
DA:22,23
DA:23,105
DA:25,43
DA:27,6
DA:30,56
LF:11
LH:11
BRDA:9,0,0,6
BRDA:9,0,1,99
BRDA:24,1,0,43
BRDA:24,1,1,6
BRDA:24,1,2,56
BRDA:24,1,3,56
BRF:6
BRH:6
end_of_record
TN:
SF:libs/template/src/lib/core/utils/template-manager_creator.ts
FN:65,createTemplateManager
FN:75,(anonymous_1)
FN:79,(anonymous_2)
FN:80,(anonymous_3)
FN:85,(anonymous_4)
FN:97,(anonymous_5)
FN:101,(anonymous_6)
FN:127,(anonymous_7)
FN:128,(anonymous_8)
FN:134,assertTemplate
FNF:10
FNH:10
FNDA:50,createTemplateManager
FNDA:58,(anonymous_1)
FNDA:55,(anonymous_2)
FNDA:91,(anonymous_3)
FNDA:70,(anonymous_4)
FNDA:2,(anonymous_5)
FNDA:75,(anonymous_6)
FNDA:26,(anonymous_7)
FNDA:27,(anonymous_8)
FNDA:70,assertTemplate
DA:65,11
DA:69,50
DA:70,50
DA:71,50
DA:74,50
DA:76,58
DA:80,55
DA:81,91
DA:86,70
DA:87,69
DA:88,68
DA:91,1
DA:98,2
DA:102,75
DA:103,48
DA:105,47
DA:107,47
DA:108,1
DA:111,46
DA:115,46
DA:120,1
DA:123,48
DA:128,27
DA:129,26
DA:138,70
DA:141,70
DA:142,1
DA:146,69
LF:28
LH:28
BRDA:87,0,0,68
BRDA:87,0,1,1
BRDA:102,1,0,48
BRDA:102,1,1,27
BRDA:103,2,0,47
BRDA:103,2,1,1
BRDA:107,3,0,1
BRDA:107,3,1,46
BRDA:139,4,0,70
BRDA:139,4,1,70
BRDA:141,5,0,1
BRDA:141,5,1,69
BRF:12
BRH:12
end_of_record
TN:
SF:libs/template/src/lib/core/utils/unpatched-resolved-promise.ts
FN:6,getUnpatchedResolvedPromise
FNF:1
FNH:1
FNDA:134,getUnpatchedResolvedPromise
DA:2,27
DA:4,27
DA:6,27
DA:7,134
DA:8,134
LF:5
LH:5
BRDA:7,0,0,134
BRDA:7,0,1,17
BRF:2
BRH:2
end_of_record
TN:
SF:libs/template/src/lib/core/utils/zone-checks.ts
FN:16,getZoneUnPatchedApi
FN:35,isEnvZonePatched
FN:51,isApiZonePatched
FN:77,isNgZone
FN:86,fn
FN:89,(anonymous_5)
FN:111,isNoopNgZone
FNF:7
FNH:7
FNDA:155,getZoneUnPatchedApi
FNDA:2,isEnvZonePatched
FNDA:155,isApiZonePatched
FNDA:6,isNgZone
FNDA:3,fn
FNDA:2,(anonymous_5)
FNDA:4,isNoopNgZone
DA:1,27
DA:16,27
DA:17,155
DA:18,155
DA:35,27
DA:36,2
DA:51,27
DA:53,155
DA:56,27
DA:77,27
DA:78,6
DA:80,6
DA:81,1
DA:84,5
DA:89,5
DA:91,5
DA:92,5
DA:94,5
DA:111,27
DA:112,4
LF:20
LH:20
BRDA:17,0,0,155
BRDA:17,0,1,153
BRDA:18,1,0,152
BRDA:18,1,1,3
BRDA:80,2,0,1
BRDA:80,2,1,5
BRF:6
BRH:6
end_of_record
TN:
SF:libs/template/src/lib/let/let.directive.ts
FN:341,(anonymous_0)
FN:295,(anonymous_1)
FN:305,(anonymous_2)
FN:312,(anonymous_3)
FN:321,(anonymous_4)
FN:370,(anonymous_5)
FN:169,(anonymous_6)
FN:211,(anonymous_7)
FN:230,(anonymous_8)
FN:251,(anonymous_9)
FN:272,(anonymous_10)
FN:333,(anonymous_11)
FN:357,(anonymous_12)
FN:364,(anonymous_13)
FNF:14
FNH:14
FNDA:35,(anonymous_0)
FNDA:2,(anonymous_1)
FNDA:28,(anonymous_2)
FNDA:4,(anonymous_3)
FNDA:19,(anonymous_4)
FNDA:29,(anonymous_5)
FNDA:29,(anonymous_6)
FNDA:2,(anonymous_7)
FNDA:9,(anonymous_8)
FNDA:9,(anonymous_9)
FNDA:10,(anonymous_10)
FNDA:1,(anonymous_11)
FNDA:27,(anonymous_12)
FNDA:25,(anonymous_13)
DA:1,10
DA:3,10
DA:4,10
DA:6,10
DA:7,10
DA:135,10
DA:169,10
DA:170,29
DA:211,10
DA:212,2
DA:230,10
DA:233,9
DA:251,10
DA:254,9
DA:272,10
DA:275,10
DA:279,35
DA:285,35
DA:294,35
DA:296,2
DA:297,2
DA:306,28
DA:307,28
DA:314,4
DA:317,4
DA:323,19
DA:326,19
DA:337,1
DA:343,35
DA:344,35
DA:346,35
DA:347,35
DA:349,35
DA:353,35
DA:358,27
DA:359,27
DA:360,27
DA:365,25
DA:366,25
DA:370,35
DA:372,29
DA:373,10
LF:42
LH:42
BRDA:315,0,0,1
BRDA:315,0,1,3
BRDA:324,1,0,3
BRDA:324,1,1,16
BRDA:372,2,0,10
BRDA:372,2,1,19
BRDA:212,3,0,2
BRDA:212,3,1,1
BRF:8
BRH:8
end_of_record
TN:
SF:libs/template/src/lib/let/let.module.ts
FNF:0
FNH:0
DA:1,5
DA:2,5
DA:4,5
DA:10,5
LF:4
LH:4
BRF:0
BRH:0
end_of_record
TN:
SF:libs/template/src/lib/push/push.module.ts
FNF:0
FNH:0
DA:1,5
DA:2,5
DA:4,5
DA:26,5
LF:4
LH:4
BRF:0
BRH:0
end_of_record
TN:
SF:libs/template/src/lib/push/push.pipe.ts
FN:63,(anonymous_0)
FN:59,(anonymous_1)
FN:60,(anonymous_2)
FN:88,(anonymous_3)
FN:99,(anonymous_4)
FNF:5
FNH:5
FNDA:18,(anonymous_0)
FNDA:2,(anonymous_1)
FNDA:11,(anonymous_2)
FNDA:27,(anonymous_3)
FNDA:8,(anonymous_4)
DA:1,7
DA:3,7
DA:5,7
DA:6,7
DA:52,7
DA:58,18
DA:59,2
DA:60,11
DA:64,18
DA:70,18
DA:93,27
DA:94,27
DA:95,27
DA:96,27
DA:100,8
LF:15
LH:15
BRDA:93,0,0,27
BRDA:93,0,1,27
BRF:2
BRH:2
end_of_record
TN:
SF:libs/template/src/lib/render-strategies/rxjs/operators/coalesceWith.ts
FN:43,coalesceWith
FN:49,(anonymous_1)
FN:50,(anonymous_2)
FN:60,createInnerObserver
FN:67,(anonymous_4)
FN:77,(anonymous_5)
FN:81,(anonymous_6)
FN:82,(anonymous_7)
FN:88,(anonymous_8)
FN:89,(anonymous_9)
FN:94,(anonymous_10)
FN:99,(anonymous_11)
FNF:12
FNH:11
FNDA:105,coalesceWith
FNDA:105,(anonymous_1)
FNDA:105,(anonymous_2)
FNDA:105,createInnerObserver
FNDA:177,(anonymous_4)
FNDA:27,(anonymous_5)
FNDA:1,(anonymous_6)
FNDA:218,(anonymous_7)
FNDA:0,(anonymous_8)
FNDA:40,(anonymous_9)
FNDA:17,(anonymous_10)
FNDA:93,(anonymous_11)
DA:1,20
DA:10,20
DA:43,20
DA:47,105
DA:49,105
DA:50,105
DA:51,105
DA:52,105
DA:55,105
DA:58,105
DA:67,105
DA:68,177
DA:70,117
DA:71,117
DA:72,112
DA:76,105
DA:78,27
DA:79,27
DA:81,1
DA:83,218
DA:84,218
DA:86,108
DA:87,108
DA:88,0
DA:90,40
DA:91,40
DA:92,38
DA:95,17
DA:96,17
DA:99,108
DA:100,93
DA:101,93
DA:102,53
DA:103,53
LF:34
LH:33
BRDA:47,0,0,105
BRDA:47,0,1,13
BRDA:68,1,0,117
BRDA:68,1,1,60
BRDA:71,2,0,112
BRDA:71,2,1,5
BRDA:84,3,0,108
BRDA:84,3,1,110
BRDA:101,4,0,53
BRDA:101,4,1,40
BRF:10
BRH:10
end_of_record
TN:
SF:libs/template/src/lib/render-strategies/rxjs/scheduling/animationFrameTick.ts
FN:4,(anonymous_0)
FN:5,(anonymous_1)
FN:6,(anonymous_2)
FN:11,(anonymous_3)
FNF:4
FNH:4
FNDA:48,(anonymous_0)
FNDA:71,(anonymous_1)
FNDA:22,(anonymous_2)
FNDA:62,(anonymous_3)
DA:1,22
DA:2,22
DA:4,22
DA:5,48
DA:6,71
DA:7,22
DA:8,22
DA:11,71
DA:12,62
LF:9
LH:9
BRF:0
BRH:0
end_of_record
TN:
SF:libs/template/src/lib/render-strategies/rxjs/scheduling/interfaces.ts
FN:1,(anonymous_0)
FN:12,(anonymous_1)
FNF:2
FNH:2
FNDA:22,(anonymous_0)
FNDA:22,(anonymous_1)
DA:1,22
DA:2,22
DA:3,22
DA:4,22
DA:5,22
DA:6,22
DA:7,22
DA:8,22
DA:12,22
DA:13,22
DA:14,22
DA:15,22
DA:16,22
DA:17,22
DA:18,22
DA:19,22
DA:20,22
DA:21,22
DA:22,22
LF:19
LH:19
BRDA:1,0,0,22
BRDA:1,0,1,22
BRDA:12,1,0,22
BRDA:12,1,1,22
BRF:4
BRH:4
end_of_record
TN:
SF:libs/template/src/lib/render-strategies/rxjs/scheduling/priority-tick-map.ts
FNF:0
FNH:0
DA:1,22
DA:2,22
DA:3,22
DA:4,22
DA:6,22
LF:5
LH:5
BRF:0
BRH:0
end_of_record
TN:
SF:libs/template/src/lib/render-strategies/rxjs/scheduling/promiseTick.ts
FN:6,(anonymous_0)
FN:7,(anonymous_1)
FN:10,(anonymous_2)
FN:16,(anonymous_3)
FN:19,(anonymous_4)
FNF:5
FNH:5
FNDA:61,(anonymous_0)
FNDA:92,(anonymous_1)
FNDA:91,(anonymous_2)
FNDA:1,(anonymous_3)
FNDA:92,(anonymous_4)
DA:1,22
DA:2,22
DA:6,22
DA:7,61
DA:8,92
DA:9,92
DA:11,91
DA:12,41
DA:13,41
DA:17,1
DA:19,92
DA:20,92
DA:21,92
LF:13
LH:13
BRDA:11,0,0,41
BRDA:11,0,1,50
BRF:2
BRH:2
end_of_record
TN:
SF:libs/template/src/lib/render-strategies/static/static-coalesce.ts
FN:5,staticCoalesce
FN:15,(anonymous_1)
FN:18,(anonymous_2)
FN:29,tryExecuteWork
FNF:4
FNH:4
FNDA:54,staticCoalesce
FNDA:16,(anonymous_1)
FNDA:13,(anonymous_2)
FNDA:16,tryExecuteWork
DA:2,21
DA:5,21
DA:13,54
DA:14,18
DA:15,18
DA:16,16
DA:18,18
DA:19,13
DA:20,13
DA:22,18
DA:25,54
DA:30,16
DA:31,16
DA:32,15
DA:34,1
LF:15
LH:15
BRDA:8,0,0,1
BRDA:9,1,0,6
BRDA:13,2,0,18
BRDA:13,2,1,36
BRDA:31,3,0,15
BRDA:31,3,1,1
BRF:6
BRH:6
end_of_record
TN:
SF:libs/template/src/lib/render-strategies/static/static-schedule-and-coalesced.ts
FN:7,coalesceAndSchedule
FN:14,(anonymous_1)
FN:23,(anonymous_2)
FNF:3
FNH:3
FNDA:40,coalesceAndSchedule
FNDA:11,(anonymous_1)
FNDA:15,(anonymous_2)
DA:1,21
DA:2,21
DA:3,21
DA:5,21
DA:7,21
DA:13,40
DA:14,40
DA:16,40
DA:23,40
DA:24,15
DA:25,15
DA:27,40
DA:29,40
LF:13
LH:13
BRDA:10,0,0,1
BRDA:11,1,0,36
BRF:2
BRH:2
end_of_record
TN:
SF:libs/template/src/lib/render-strategies/static/static-schedule.ts
FN:4,staticSchedule
FN:19,(anonymous_1)
FN:20,(anonymous_2)
FN:23,(anonymous_3)
FN:32,tryExecuteWork
FNF:5
FNH:5
FNDA:15,staticSchedule
FNDA:1,(anonymous_1)
FNDA:12,(anonymous_2)
FNDA:12,(anonymous_3)
FNDA:14,tryExecuteWork
DA:1,21
DA:4,21
DA:10,15
DA:11,2
DA:12,2
DA:16,13
DA:19,1
DA:20,12
DA:23,13
DA:24,12
DA:25,12
DA:27,13
DA:29,13
DA:33,14
DA:34,13
DA:35,13
LF:16
LH:16
BRDA:7,0,0,3
BRDA:10,1,0,2
BRDA:10,1,1,13
BRDA:33,2,0,13
BRDA:33,2,1,1
BRF:5
BRH:5
end_of_record
TN:
SF:libs/template/src/lib/render-strategies/strategies/detach-strategy.ts
FN:21,getDetachStrategies
FN:49,createDetachStrategy
FN:56,(anonymous_2)
FN:61,(anonymous_3)
FN:64,(anonymous_4)
FN:64,(anonymous_5)
FN:67,(anonymous_6)
FN:68,(anonymous_7)
FNF:8
FNH:8
FNDA:95,getDetachStrategies
FNDA:95,createDetachStrategy
FNDA:6,(anonymous_2)
FNDA:9,(anonymous_3)
FNDA:4,(anonymous_4)
FNDA:3,(anonymous_5)
FNDA:13,(anonymous_6)
FNDA:3,(anonymous_7)
DA:1,19
DA:2,19
DA:3,19
DA:4,19
DA:6,19
DA:7,19
DA:8,19
DA:10,19
DA:21,19
DA:24,95
DA:49,19
DA:52,95
DA:53,95
DA:54,95
DA:56,95
DA:57,6
DA:58,6
DA:59,6
DA:61,95
DA:64,4
DA:67,95
DA:68,13
DA:69,3
DA:72,95
LF:24
LH:24
BRF:0
BRH:0
end_of_record
TN:
SF:libs/template/src/lib/render-strategies/strategies/global.strategy.ts
FN:7,getGlobalStrategies
FN:40,createGlobalStrategy
FN:43,(anonymous_2)
FN:47,(anonymous_3)
FN:48,(anonymous_4)
FN:49,(anonymous_5)
FN:50,(anonymous_6)
FN:50,(anonymous_7)
FN:52,(anonymous_8)
FNF:9
FNH:8
FNDA:95,getGlobalStrategies
FNDA:95,createGlobalStrategy
FNDA:27,(anonymous_2)
FNDA:0,(anonymous_3)
FNDA:3,(anonymous_4)
FNDA:13,(anonymous_5)
FNDA:13,(anonymous_6)
FNDA:3,(anonymous_7)
FNDA:14,(anonymous_8)
DA:1,19
DA:2,19
DA:4,19
DA:5,19
DA:7,19
DA:10,95
DA:40,19
DA:43,95
DA:44,95
DA:45,95
DA:47,0
DA:48,3
DA:49,13
DA:50,13
DA:53,14
DA:54,14
LF:16
LH:15
BRF:0
BRH:0
end_of_record
TN:
SF:libs/template/src/lib/render-strategies/strategies/local.strategy.ts
FN:21,getLocalStrategies
FN:61,createLocalStrategy
FN:68,(anonymous_2)
FN:71,(anonymous_3)
FN:74,(anonymous_4)
FN:74,(anonymous_5)
FN:77,(anonymous_6)
FN:78,(anonymous_7)
FNF:8
FNH:8
FNDA:95,getLocalStrategies
FNDA:95,createLocalStrategy
FNDA:10,(anonymous_2)
FNDA:72,(anonymous_3)
FNDA:35,(anonymous_4)
FNDA:7,(anonymous_5)
FNDA:13,(anonymous_6)
FNDA:3,(anonymous_7)
DA:1,19
DA:2,19
DA:3,19
DA:4,19
DA:6,19
DA:7,19
DA:8,19
DA:10,19
DA:21,19
DA:24,95
DA:61,19
DA:64,95
DA:65,95
DA:66,95
DA:68,95
DA:69,10
DA:71,95
DA:72,72
DA:74,35
DA:77,95
DA:78,13
DA:79,3
DA:82,95
LF:23
LH:23
BRF:0
BRH:0
end_of_record
TN:
SF:libs/template/src/lib/render-strategies/strategies/native.strategy.ts
FN:26,createNativeStrategy
FN:29,(anonymous_1)
FN:33,(anonymous_2)
FN:34,(anonymous_3)
FN:35,(anonymous_4)
FN:36,(anonymous_5)
FN:36,(anonymous_6)
FN:38,(anonymous_7)
FNF:8
FNH:8
FNDA:97,createNativeStrategy
FNDA:27,(anonymous_1)
FNDA:1,(anonymous_2)
FNDA:3,(anonymous_3)
FNDA:13,(anonymous_4)
FNDA:13,(anonymous_5)
FNDA:3,(anonymous_6)
FNDA:13,(anonymous_7)
DA:2,19
DA:3,19
DA:4,19
DA:26,19
DA:29,97
DA:30,97
DA:31,97
DA:33,1
DA:34,3
DA:35,13
DA:36,13
DA:39,13
DA:40,13
LF:13
LH:13
BRF:0
BRH:0
end_of_record
TN:
SF:libs/template/src/lib/render-strategies/strategies/noop.strategy.ts
FN:21,createNoopStrategy
FN:24,(anonymous_1)
FN:25,(anonymous_2)
FN:25,(anonymous_3)
FN:26,(anonymous_4)
FNF:5
FNH:5
FNDA:96,createNoopStrategy
FNDA:6,(anonymous_1)
FNDA:2,(anonymous_2)
FNDA:7,(anonymous_3)
FNDA:13,(anonymous_4)
DA:2,19
DA:21,19
DA:22,96
DA:25,7
DA:26,13
LF:5
LH:5
BRF:0
BRH:0
end_of_record
TN:
SF:libs/template/src/lib/render-strategies/strategies/strategies-map.ts
FN:26,getStrategies
FNF:1
FNH:1
FNDA:95,getStrategies
DA:2,19
DA:3,19
DA:4,19
DA:5,19
DA:6,19
DA:8,19
DA:26,19
DA:29,95
LF:8
LH:8
BRF:0
BRH:0
end_of_record
TN:
SF:libs/template/src/lib/render-strategies/util/util.ts
FN:10,afterCoalesceAndSchedule
FN:25,afterScheduleCD
FN:29,(anonymous_2)
FN:37,(anonymous_3)
FNF:4
FNH:4
FNDA:6,afterCoalesceAndSchedule
FNDA:192,afterScheduleCD
FNDA:27,(anonymous_2)
FNDA:6,(anonymous_3)
DA:1,19
DA:2,19
DA:10,19
DA:11,6
DA:12,6
DA:13,6
DA:25,19
DA:29,192
DA:30,27
DA:31,20
DA:33,27
DA:34,27
DA:35,26
DA:38,6
DA:41,27
LF:15
LH:15
BRDA:12,0,0,6
BRDA:12,0,1,0
BRDA:30,1,0,20
BRDA:30,1,1,7
BRDA:34,2,0,26
BRDA:34,2,1,1
BRF:6
BRH:5
end_of_record
